<?xml version="1.0" encoding="utf-8"?><testsuites name="pytest tests"><testsuite name="pytest" errors="0" failures="0" skipped="0" tests="23" time="4.772" timestamp="2026-05-14T19:28:25.780557+00:00" hostname="agent-env-249b1475-7ec8-46a7-9c61-d232553aaf57"><testcase classname="backend.tests.test_phase2" name="test_create_with_phase2_fields" time="0.565" /><testcase classname="backend.tests.test_phase2" name="test_create_with_default_phase2_flags" time="0.255" /><testcase classname="backend.tests.test_phase2" name="test_verify_pin_correct" time="0.309" /><testcase classname="backend.tests.test_phase2" name="test_verify_pin_wrong" time="0.302" /><testcase classname="backend.tests.test_phase2" name="test_verify_pin_no_pin_set" time="0.281" /><testcase classname="backend.tests.test_phase2" name="test_verify_pin_404" time="0.086" /><testcase classname="backend.tests.test_phase2" name="test_public_view_strips_pin" time="0.280" /><testcase classname="backend.tests.test_phase2" name="test_public_view_404" time="0.068" /><testcase classname="backend.tests.test_phase2" name="test_put_bracket" time="0.390" /><testcase classname="backend.tests.test_phase2" name="test_put_advanced_flags" time="0.258" /><testcase classname="backend.tests.test_phase2" name="test_backward_compat_list" time="0.067" /><testcase classname="backend.tests.test_tournament" name="test_root" time="0.120" /><testcase classname="backend.tests.test_tournament" name="test_list_returns_array" time="0.053" /><testcase classname="backend.tests.test_tournament" name="test_create_with_all_fields" time="0.170" /><testcase classname="backend.tests.test_tournament" name="test_create_validation_teams_count" time="0.055" /><testcase classname="backend.tests.test_tournament" name="test_get_by_id" time="0.295" /><testcase classname="backend.tests.test_tournament" name="test_get_404" time="0.059" /><testcase classname="backend.tests.test_tournament" name="test_put_updates_partial_fields" time="0.282" /><testcase classname="backend.tests.test_tournament" name="test_put_rejects_duplicate_team_names" time="0.227" /><testcase classname="backend.tests.test_tournament" name="test_put_404" time="0.051" /><testcase classname="backend.tests.test_tournament" name="test_delete_then_404" time="0.152" /><testcase classname="backend.tests.test_tournament" name="test_delete_404" time="0.058" /><testcase classname="backend.tests.test_tournament" name="test_list_summary_fields" time="0.317" /></testsuite></testsuites>