<?xml version="1.0" encoding="utf-8"?><testsuites name="pytest tests"><testsuite name="pytest" errors="0" failures="0" skipped="0" tests="7" time="1.281" timestamp="2026-05-14T17:44:28.055341+00:00" hostname="agent-env-249b1475-7ec8-46a7-9c61-d232553aaf57"><testcase classname="backend.tests.test_tournament" name="test_root_health" time="0.263" /><testcase classname="backend.tests.test_tournament" name="test_get_empty_default" time="0.107" /><testcase classname="backend.tests.test_tournament" name="test_put_saves_teams_and_matchdays" time="0.097" /><testcase classname="backend.tests.test_tournament" name="test_put_rejects_duplicate_teams" time="0.095" /><testcase classname="backend.tests.test_tournament" name="test_delete_resets_state" time="0.244" /><testcase classname="backend.tests.test_tournament" name="test_put_then_get_round_trip" time="0.140" /><testcase classname="backend.tests.test_tournament" name="test_put_with_empty_payload" time="0.148" /></testsuite></testsuites>