<?xml version="1.0" encoding="utf-8"?><testsuites name="pytest tests"><testsuite name="pytest" errors="0" failures="0" skipped="0" tests="12" time="2.291" timestamp="2026-05-14T18:33:03.789525+00:00" hostname="agent-env-249b1475-7ec8-46a7-9c61-d232553aaf57"><testcase classname="backend.tests.test_tournament" name="test_root" time="0.189" /><testcase classname="backend.tests.test_tournament" name="test_list_returns_array" time="0.065" /><testcase classname="backend.tests.test_tournament" name="test_create_with_all_fields" time="0.259" /><testcase classname="backend.tests.test_tournament" name="test_create_validation_teams_count" time="0.193" /><testcase classname="backend.tests.test_tournament" name="test_get_by_id" time="0.239" /><testcase classname="backend.tests.test_tournament" name="test_get_404" time="0.049" /><testcase classname="backend.tests.test_tournament" name="test_put_updates_partial_fields" time="0.341" /><testcase classname="backend.tests.test_tournament" name="test_put_rejects_duplicate_team_names" time="0.289" /><testcase classname="backend.tests.test_tournament" name="test_put_404" time="0.048" /><testcase classname="backend.tests.test_tournament" name="test_delete_then_404" time="0.163" /><testcase classname="backend.tests.test_tournament" name="test_delete_404" time="0.047" /><testcase classname="backend.tests.test_tournament" name="test_list_summary_fields" time="0.345" /></testsuite></testsuites>